<?xml version="1.0" encoding="UTF-8"?>
<testsuite xmlns:xsi="http://www.w3.org/2001/XMLSchema-instance" xsi:noNamespaceSchemaLocation="https://maven.apache.org/surefire/maven-surefire-plugin/xsd/surefire-test-report.xsd" name="org.example.StatesAndCapitalsTest" time="0.032" tests="7" errors="7" skipped="0" failures="0">
  <properties>
[...]
</properties>
  <testcase name="testEmptyInput" classname="org.example.StatesAndCapitalsTest" time="0.018">
    <error type="java.lang.ExceptionInInitializerError">java.lang.ExceptionInInitializerError
	at org.example.StatesAndCapitalsTest.testEmptyInput(StatesAndCapitalsTest.java:59)
Caused by: java.lang.NullPointerException: inStream parameter is null
	at org.example.StatesAndCapitalsTest.testEmptyInput(StatesAndCapitalsTest.java:59)
</error>
  </testcase>
  <testcase name="testWhitespaceInput" classname="org.example.StatesAndCapitalsTest" time="0">
    <error message="Could not initialize class org.example.StatesAndCapitals" type="java.lang.NoClassDefFoundError">java.lang.NoClassDefFoundError: Could not initialize class org.example.StatesAndCapitals
	at org.example.StatesAndCapitalsTest.testWhitespaceInput(StatesAndCapitalsTest.java:43)
Caused by: java.lang.ExceptionInInitializerError: Exception java.lang.NullPointerException: inStream parameter is null [in thread "main"]
	at org.example.StatesAndCapitalsTest.testEmptyInput(StatesAndCapitalsTest.java:59)
</error>
  </testcase>
  <testcase name="testValidState" classname="org.example.StatesAndCapitalsTest" time="0.001">
    <error message="Could not initialize class org.example.StatesAndCapitals" type="java.lang.NoClassDefFoundError">java.lang.NoClassDefFoundError: Could not initialize class org.example.StatesAndCapitals
	at org.example.StatesAndCapitalsTest.testValidState(StatesAndCapitalsTest.java:16)
Caused by: java.lang.ExceptionInInitializerError: Exception java.lang.NullPointerException: inStream parameter is null [in thread "main"]
	at org.example.StatesAndCapitalsTest.testEmptyInput(StatesAndCapitalsTest.java:59)
</error>
  </testcase>
  <testcase name="testCaseInsensitiveInput" classname="org.example.StatesAndCapitalsTest" time="0.001">
    <error message="Could not initialize class org.example.StatesAndCapitals" type="java.lang.NoClassDefFoundError">java.lang.NoClassDefFoundError: Could not initialize class org.example.StatesAndCapitals
	at org.example.StatesAndCapitalsTest.testCaseInsensitiveInput(StatesAndCapitalsTest.java:51)
Caused by: java.lang.ExceptionInInitializerError: Exception java.lang.NullPointerException: inStream parameter is null [in thread "main"]
	at org.example.StatesAndCapitalsTest.testEmptyInput(StatesAndCapitalsTest.java:59)
</error>
  </testcase>
  <testcase name="testAllStates" classname="org.example.StatesAndCapitalsTest" time="0.001">
    <error message="Could not initialize class org.example.StatesAndCapitals" type="java.lang.NoClassDefFoundError">java.lang.NoClassDefFoundError: Could not initialize class org.example.StatesAndCapitals
	at org.example.StatesAndCapitalsTest.testAllStates(StatesAndCapitalsTest.java:33)
Caused by: java.lang.ExceptionInInitializerError: Exception java.lang.NullPointerException: inStream parameter is null [in thread "main"]
	at org.example.StatesAndCapitalsTest.testEmptyInput(StatesAndCapitalsTest.java:59)
</error>
  </testcase>
  <testcase name="testInvalidState" classname="org.example.StatesAndCapitalsTest" time="0.001">
    <error message="Could not initialize class org.example.StatesAndCapitals" type="java.lang.NoClassDefFoundError">java.lang.NoClassDefFoundError: Could not initialize class org.example.StatesAndCapitals
	at org.example.StatesAndCapitalsTest.testInvalidState(StatesAndCapitalsTest.java:25)
Caused by: java.lang.ExceptionInInitializerError: Exception java.lang.NullPointerException: inStream parameter is null [in thread "main"]
	at org.example.StatesAndCapitalsTest.testEmptyInput(StatesAndCapitalsTest.java:59)
</error>
  </testcase>
  <testcase name="testNullInput" classname="org.example.StatesAndCapitalsTest" time="0.001">
    <error message="Could not initialize class org.example.StatesAndCapitals" type="java.lang.NoClassDefFoundError">java.lang.NoClassDefFoundError: Could not initialize class org.example.StatesAndCapitals
	at org.example.StatesAndCapitalsTest.testNullInput(StatesAndCapitalsTest.java:67)
Caused by: java.lang.ExceptionInInitializerError: Exception java.lang.NullPointerException: inStream parameter is null [in thread "main"]
	at org.example.StatesAndCapitalsTest.testEmptyInput(StatesAndCapitalsTest.java:59)
</error>
  </testcase>
</testsuite>